#
# There is insufficient memory for the Java Runtime Environment to continue.
# Native memory allocation (malloc) failed to allocate 32744 bytes for ChunkPool::allocate
# Possible reasons:
#   The system is out of physical RAM or swap space
#   The process is running with CompressedOops enabled, and the Java Heap may be blocking the growth of the native heap
# Possible solutions:
#   Reduce memory load on the system
#   Increase physical memory or swap space
#   Check if swap backing store is full
#   Decrease Java heap size (-Xmx/-Xms)
#   Decrease number of Java threads
#   Decrease Java thread stack sizes (-Xss)
#   Set larger code cache with -XX:ReservedCodeCacheSize=
#   JVM is running with Unscaled Compressed Oops mode in which the Java heap is
#     placed in the first 4GB address space. The Java Heap base address is the
#     maximum limit for the native heap growth. Please use -XX:HeapBaseMinAddress
#     to set the Java Heap base and to place the Java Heap above 4GB virtual address.
# This output file may be truncated or incomplete.
#
#  Out of Memory Error (t:/workspace/open/src/hotspot/share/memory/arena.cpp:81), pid=7856, tid=7924
#
# JRE version: Java(TM) SE Runtime Environment (12.0.2+10) (build 12.0.2+10)
# Java VM: Java HotSpot(TM) 64-Bit Server VM (12.0.2+10, mixed mode, sharing, tiered, compressed oops, g1 gc, windows-amd64)
# No core dump will be written. Minidumps are not enabled by default on client versions of Windows
#

---------------  S U M M A R Y ------------

Command Line: -Dfile.encoding=UTF-8 com.app.eBooker.EBookerApplication

Host: Intel(R) Core(TM) i5 CPU       M 520  @ 2.40GHz, 4 cores, 3G,  Windows 7 , 64 bit Build 7601 (6.1.7601.24545)
Time: Sat Mar 21 23:47:50 2020 GTB Standard Time elapsed time: 13 seconds (0d 0h 0m 13s)

---------------  T H R E A D  ---------------

Current thread (0x000000001f906800):  JavaThread "C2 CompilerThread0" daemon [_thread_in_native, id=7924, stack(0x00000000202d0000,0x00000000203d0000)]


Current CompileTask:
C2:  13040 3494       4       org.springframework.beans.factory.support.AbstractBeanFactory::isTypeMatch (607 bytes)

Stack: [0x00000000202d0000,0x00000000203d0000]
Native frames: (J=compiled Java code, j=interpreted, Vv=VM code, C=native code)
V  [jvm.dll+0x63aa2a]
V  [jvm.dll+0x78ce1e]
V  [jvm.dll+0x78e4c1]
V  [jvm.dll+0x78eb13]
V  [jvm.dll+0x2627e8]
V  [jvm.dll+0xc57f6]
V  [jvm.dll+0xc5b4c]
V  [jvm.dll+0x37fd28]
V  [jvm.dll+0x37f4a1]
V  [jvm.dll+0x37f4e4]
V  [jvm.dll+0x53adf8]
V  [jvm.dll+0x346402]
V  [jvm.dll+0x34579a]
V  [jvm.dll+0x21c205]
V  [jvm.dll+0x21b3da]
V  [jvm.dll+0x199a20]
V  [jvm.dll+0x22a744]
V  [jvm.dll+0x228d98]
V  [jvm.dll+0x7512a0]
V  [jvm.dll+0x74a2c8]
V  [jvm.dll+0x639b16]
C  [ucrtbase.DLL+0x1d885]
C  [kernel32.dll+0x1556d]
C  [ntdll.dll+0x5372d]


---------------  P R O C E S S  ---------------

Threads class SMR info:
_java_thread_list=0x00000000221f1400, length=13, elements={
0x00000000003b1800, 0x000000001f8e6800, 0x000000001f8ea800, 0x000000001f900800,
0x000000001f902800, 0x000000001f906800, 0x000000001f90d800, 0x000000001f910000,
0x000000001fa3e800, 0x0000000020820800, 0x0000000022184000, 0x00000000225d5000,
0x0000000020efb000
}

Java Threads: ( => current thread )
  0x00000000003b1800 JavaThread "main" [_thread_in_vm, id=7880, stack(0x0000000002080000,0x0000000002180000)]
  0x000000001f8e6800 JavaThread "Reference Handler" daemon [_thread_blocked, id=7908, stack(0x000000001fcc0000,0x000000001fdc0000)]
  0x000000001f8ea800 JavaThread "Finalizer" daemon [_thread_blocked, id=7912, stack(0x000000001fe00000,0x000000001ff00000)]
  0x000000001f900800 JavaThread "Signal Dispatcher" daemon [_thread_blocked, id=7916, stack(0x00000000200a0000,0x00000000201a0000)]
  0x000000001f902800 JavaThread "Attach Listener" daemon [_thread_blocked, id=7920, stack(0x000000001ff70000,0x0000000020070000)]
=>0x000000001f906800 JavaThread "C2 CompilerThread0" daemon [_thread_in_native, id=7924, stack(0x00000000202d0000,0x00000000203d0000)]
  0x000000001f90d800 JavaThread "C1 CompilerThread0" daemon [_thread_blocked, id=7928, stack(0x0000000020510000,0x0000000020610000)]
  0x000000001f910000 JavaThread "Sweeper thread" daemon [_thread_blocked, id=7932, stack(0x00000000201d0000,0x00000000202d0000)]
  0x000000001fa3e800 JavaThread "Service Thread" daemon [_thread_blocked, id=7936, stack(0x0000000020720000,0x0000000020820000)]
  0x0000000020820800 JavaThread "Common-Cleaner" daemon [_thread_blocked, id=7944, stack(0x0000000020c40000,0x0000000020d40000)]
  0x0000000022184000 JavaThread "Catalina-utility-1" [_thread_blocked, id=6812, stack(0x0000000022bf0000,0x0000000022cf0000)]
  0x00000000225d5000 JavaThread "Catalina-utility-2" [_thread_blocked, id=6208, stack(0x0000000022e30000,0x0000000022f30000)]
  0x0000000020efb000 JavaThread "container-0" [_thread_blocked, id=6020, stack(0x0000000026450000,0x0000000026550000)]

Other Threads:
  0x000000001f8e1800 VMThread "VM Thread" [stack: 0x000000001fb30000,0x000000001fc30000] [id=7904]
  0x000000001fa4c000 WatcherThread [stack: 0x0000000020610000,0x0000000020710000] [id=7940]
  0x00000000003dd800 GCTaskThread "GC Thread#0" [stack: 0x000000001c400000,0x000000001c500000] [id=7884]
  0x0000000020fc0800 GCTaskThread "GC Thread#1" [stack: 0x0000000021720000,0x0000000021820000] [id=7980]
  0x000000002137d000 GCTaskThread "GC Thread#2" [stack: 0x0000000022ac0000,0x0000000022bc0000] [id=7996]
  0x00000000214ef000 GCTaskThread "GC Thread#3" [stack: 0x0000000022cf0000,0x0000000022df0000] [id=8000]
  0x00000000003e6000 ConcurrentGCThread "G1 Main Marker" [stack: 0x000000001c6e0000,0x000000001c7e0000] [id=7888]
  0x00000000003e9000 ConcurrentGCThread "G1 Conc#0" [stack: 0x000000001c8b0000,0x000000001c9b0000] [id=7892]
  0x000000001ecf0800 ConcurrentGCThread "G1 Refine#0" [stack: 0x000000001ef50000,0x000000001f050000] [id=7896]
  0x00000000209a5000 ConcurrentGCThread "G1 Refine#1" [stack: 0x00000000215a0000,0x00000000216a0000] [id=7984]
  0x000000000042c000 ConcurrentGCThread "G1 Young RemSet Sampling" [stack: 0x000000001ee20000,0x000000001ef20000] [id=7900]

Threads with active compile tasks:
C2 CompilerThread0  3494       4       org.springframework.beans.factory.support.AbstractBeanFactory::isTypeMatch (607 bytes)

VM state:not at safepoint (normal execution)

VM Mutex/Monitor currently owned by a thread: None

Heap address: 0x00000000c2400000, size: 988 MB, Compressed Oops mode: 32-bit
Narrow klass base: 0x0000000800000000, Narrow klass shift: 3
Compressed class space size: 1073741824 Address: 0x0000000801190000

Heap:
 garbage-first heap   total 54272K, used 19580K [0x00000000c2400000, 0x0000000100000000)
  region size 1024K, 6 young (6144K), 1 survivors (1024K)
 Metaspace       used 29447K, capacity 30374K, committed 30512K, reserved 1075200K
  class space    used 3746K, capacity 4108K, committed 4224K, reserved 1048576K
Heap Regions: E=young(eden), S=young(survivor), O=old, HS=humongous(starts), HC=humongous(continues), CS=collection set, F=free, A=archive, TAMS=top-at-mark-start (previous, next)
|   0|0x00000000c2400000, 0x00000000c2500000, 0x00000000c2500000|100%|HS|  |TAMS 0x00000000c2500000, 0x00000000c2400000| Complete 
|   1|0x00000000c2500000, 0x00000000c2600000, 0x00000000c2600000|100%| O|  |TAMS 0x00000000c2600000, 0x00000000c2500000| Untracked 
|   2|0x00000000c2600000, 0x00000000c2700000, 0x00000000c2700000|100%| O|  |TAMS 0x00000000c2700000, 0x00000000c2600000| Untracked 
|   3|0x00000000c2700000, 0x00000000c2800000, 0x00000000c2800000|100%| O|  |TAMS 0x00000000c2800000, 0x00000000c2700000| Untracked 
|   4|0x00000000c2800000, 0x00000000c2900000, 0x00000000c2900000|100%| O|  |TAMS 0x00000000c2900000, 0x00000000c2800000| Untracked 
|   5|0x00000000c2900000, 0x00000000c2a00000, 0x00000000c2a00000|100%| O|  |TAMS 0x00000000c2a00000, 0x00000000c2900000| Untracked 
|   6|0x00000000c2a00000, 0x00000000c2b00000, 0x00000000c2b00000|100%| O|  |TAMS 0x00000000c2b00000, 0x00000000c2a00000| Untracked 
|   7|0x00000000c2b00000, 0x00000000c2c00000, 0x00000000c2c00000|100%| O|  |TAMS 0x00000000c2bb1800, 0x00000000c2b00000| Untracked 
|   8|0x00000000c2c00000, 0x00000000c2c85e00, 0x00000000c2d00000| 52%| O|  |TAMS 0x00000000c2c00000, 0x00000000c2c00000| Untracked 
|   9|0x00000000c2d00000, 0x00000000c2e00000, 0x00000000c2e00000|100%| O|  |TAMS 0x00000000c2d00000, 0x00000000c2d00000| Untracked 
|  10|0x00000000c2e00000, 0x00000000c2f00000, 0x00000000c2f00000|100%| O|  |TAMS 0x00000000c2e00000, 0x00000000c2e00000| Untracked 
|  11|0x00000000c2f00000, 0x00000000c3000000, 0x00000000c3000000|100%| O|  |TAMS 0x00000000c2f00000, 0x00000000c2f00000| Untracked 
|  12|0x00000000c3000000, 0x00000000c3100000, 0x00000000c3100000|100%| O|  |TAMS 0x00000000c3000000, 0x00000000c3000000| Untracked 
|  13|0x00000000c3100000, 0x00000000c3200000, 0x00000000c3200000|100%| O|  |TAMS 0x00000000c3100000, 0x00000000c3100000| Untracked 
|  14|0x00000000c3200000, 0x00000000c32b1c00, 0x00000000c3300000| 69%| O|  |TAMS 0x00000000c3200000, 0x00000000c3200000| Untracked 
|  15|0x00000000c3300000, 0x00000000c3300000, 0x00000000c3400000|  0%| F|  |TAMS 0x00000000c3300000, 0x00000000c3300000| Untracked 
|  16|0x00000000c3400000, 0x00000000c3400000, 0x00000000c3500000|  0%| F|  |TAMS 0x00000000c3400000, 0x00000000c3400000| Untracked 
|  17|0x00000000c3500000, 0x00000000c3500000, 0x00000000c3600000|  0%| F|  |TAMS 0x00000000c3500000, 0x00000000c3500000| Untracked 
|  18|0x00000000c3600000, 0x00000000c3600000, 0x00000000c3700000|  0%| F|  |TAMS 0x00000000c3600000, 0x00000000c3600000| Untracked 
|  19|0x00000000c3700000, 0x00000000c3700000, 0x00000000c3800000|  0%| F|  |TAMS 0x00000000c3700000, 0x00000000c3700000| Untracked 
|  20|0x00000000c3800000, 0x00000000c3800000, 0x00000000c3900000|  0%| F|  |TAMS 0x00000000c3800000, 0x00000000c3800000| Untracked 
|  21|0x00000000c3900000, 0x00000000c3900000, 0x00000000c3a00000|  0%| F|  |TAMS 0x00000000c3900000, 0x00000000c3900000| Untracked 
|  22|0x00000000c3a00000, 0x00000000c3a00000, 0x00000000c3b00000|  0%| F|  |TAMS 0x00000000c3a00000, 0x00000000c3a00000| Untracked 
|  23|0x00000000c3b00000, 0x00000000c3b00000, 0x00000000c3c00000|  0%| F|  |TAMS 0x00000000c3b00000, 0x00000000c3b00000| Untracked 
|  24|0x00000000c3c00000, 0x00000000c3c00000, 0x00000000c3d00000|  0%| F|  |TAMS 0x00000000c3c00000, 0x00000000c3c00000| Untracked 
|  25|0x00000000c3d00000, 0x00000000c3de7880, 0x00000000c3e00000| 90%| S|CS|TAMS 0x00000000c3d00000, 0x00000000c3d00000| Complete 
|  26|0x00000000c3e00000, 0x00000000c3e00000, 0x00000000c3f00000|  0%| F|  |TAMS 0x00000000c3e00000, 0x00000000c3e00000| Untracked 
|  27|0x00000000c3f00000, 0x00000000c3f00000, 0x00000000c4000000|  0%| F|  |TAMS 0x00000000c3f00000, 0x00000000c3f00000| Untracked 
|  28|0x00000000c4000000, 0x00000000c4000000, 0x00000000c4100000|  0%| F|  |TAMS 0x00000000c4000000, 0x00000000c4000000| Untracked 
|  29|0x00000000c4100000, 0x00000000c4100000, 0x00000000c4200000|  0%| F|  |TAMS 0x00000000c4100000, 0x00000000c4100000| Untracked 
|  30|0x00000000c4200000, 0x00000000c4200000, 0x00000000c4300000|  0%| F|  |TAMS 0x00000000c4200000, 0x00000000c4200000| Untracked 
|  31|0x00000000c4300000, 0x00000000c4300000, 0x00000000c4400000|  0%| F|  |TAMS 0x00000000c4300000, 0x00000000c4300000| Untracked 
|  32|0x00000000c4400000, 0x00000000c4400000, 0x00000000c4500000|  0%| F|  |TAMS 0x00000000c4400000, 0x00000000c4400000| Untracked 
|  33|0x00000000c4500000, 0x00000000c4500000, 0x00000000c4600000|  0%| F|  |TAMS 0x00000000c4500000, 0x00000000c4500000| Untracked 
|  34|0x00000000c4600000, 0x00000000c4600000, 0x00000000c4700000|  0%| F|  |TAMS 0x00000000c4600000, 0x00000000c4600000| Untracked 
|  35|0x00000000c4700000, 0x00000000c4700000, 0x00000000c4800000|  0%| F|  |TAMS 0x00000000c4700000, 0x00000000c4700000| Untracked 
|  36|0x00000000c4800000, 0x00000000c4800000, 0x00000000c4900000|  0%| F|  |TAMS 0x00000000c4800000, 0x00000000c4800000| Untracked 
|  37|0x00000000c4900000, 0x00000000c4900000, 0x00000000c4a00000|  0%| F|  |TAMS 0x00000000c4900000, 0x00000000c4900000| Untracked 
|  38|0x00000000c4a00000, 0x00000000c4a00000, 0x00000000c4b00000|  0%| F|  |TAMS 0x00000000c4a00000, 0x00000000c4a00000| Untracked 
|  39|0x00000000c4b00000, 0x00000000c4b00000, 0x00000000c4c00000|  0%| F|  |TAMS 0x00000000c4b00000, 0x00000000c4b00000| Untracked 
|  40|0x00000000c4c00000, 0x00000000c4c00000, 0x00000000c4d00000|  0%| F|  |TAMS 0x00000000c4c00000, 0x00000000c4c00000| Untracked 
|  41|0x00000000c4d00000, 0x00000000c4d00000, 0x00000000c4e00000|  0%| F|  |TAMS 0x00000000c4d00000, 0x00000000c4d00000| Untracked 
|  42|0x00000000c4e00000, 0x00000000c4e00000, 0x00000000c4f00000|  0%| F|  |TAMS 0x00000000c4e00000, 0x00000000c4e00000| Untracked 
|  43|0x00000000c4f00000, 0x00000000c4f00000, 0x00000000c5000000|  0%| F|  |TAMS 0x00000000c4f00000, 0x00000000c4f00000| Untracked 
|  44|0x00000000c5000000, 0x00000000c5000000, 0x00000000c5100000|  0%| F|  |TAMS 0x00000000c5000000, 0x00000000c5000000| Untracked 
|  45|0x00000000c5100000, 0x00000000c5100000, 0x00000000c5200000|  0%| F|  |TAMS 0x00000000c5100000, 0x00000000c5100000| Untracked 
|  46|0x00000000c5200000, 0x00000000c5200000, 0x00000000c5300000|  0%| F|  |TAMS 0x00000000c5200000, 0x00000000c5200000| Untracked 
|  47|0x00000000c5300000, 0x00000000c5300000, 0x00000000c5400000|  0%| F|  |TAMS 0x00000000c5300000, 0x00000000c5300000| Untracked 
|  48|0x00000000c5400000, 0x00000000c54ead68, 0x00000000c5500000| 91%| E|  |TAMS 0x00000000c5400000, 0x00000000c5400000| Complete 
|  49|0x00000000c5500000, 0x00000000c5600000, 0x00000000c5600000|100%| E|CS|TAMS 0x00000000c5500000, 0x00000000c5500000| Complete 
|  50|0x00000000c5600000, 0x00000000c5700000, 0x00000000c5700000|100%| E|CS|TAMS 0x00000000c5600000, 0x00000000c5600000| Complete 
|  51|0x00000000c5700000, 0x00000000c5800000, 0x00000000c5800000|100%| E|CS|TAMS 0x00000000c5700000, 0x00000000c5700000| Complete 
|  61|0x00000000c6100000, 0x00000000c6200000, 0x00000000c6200000|100%| E|CS|TAMS 0x00000000c6100000, 0x00000000c6100000| Complete 

Card table byte_map: [0x000000001a110000,0x000000001a300000] _byte_map_base: 0x0000000019afe000

Marking Bits (Prev, Next): (CMBitMap*) 0x00000000003de9d8, (CMBitMap*) 0x00000000003de998
 Prev Bits: [0x000000001b460000, 0x000000001c3d0000)
 Next Bits: [0x000000001a4f0000, 0x000000001b460000)

Polling page: 0x0000000000320000

Metaspace:

Usage:
  Non-class:     25.65 MB capacity,    25.10 MB ( 98%) used,   461.70 KB (  2%) free+waste,   103.38 KB ( <1%) overhead. 
      Class:      4.01 MB capacity,     3.66 MB ( 91%) used,   311.35 KB (  8%) free+waste,    49.94 KB (  1%) overhead. 
       Both:     29.66 MB capacity,    28.76 MB ( 97%) used,   773.05 KB (  3%) free+waste,   153.31 KB ( <1%) overhead. 

Virtual space:
  Non-class space:       26.00 MB reserved,      25.67 MB ( 99%) committed 
      Class space:        1.00 GB reserved,       4.13 MB ( <1%) committed 
             Both:        1.03 GB reserved,      29.80 MB (  3%) committed 

Chunk freelists:
   Non-Class:  2.75 KB
       Class:  2.50 KB
        Both:  5.25 KB

CodeHeap 'non-profiled nmethods': size=120064Kb used=1445Kb max_used=1445Kb free=118618Kb
 bounds [0x00000000123c0000, 0x0000000012630000, 0x0000000019900000]
CodeHeap 'profiled nmethods': size=120000Kb used=8153Kb max_used=8153Kb free=111846Kb
 bounds [0x000000000ae90000, 0x000000000b690000, 0x00000000123c0000]
CodeHeap 'non-nmethods': size=5696Kb used=1171Kb max_used=1209Kb free=4524Kb
 bounds [0x000000000a900000, 0x000000000ab70000, 0x000000000ae90000]
 total_blobs=4666 nmethods=3401 adapters=410
 compilation: enabled
              stopped_count=0, restarted_count=0
 full_count=0

Compilation events (10 events):
Event: 12.668 Thread 0x000000001f90d800 3552       2       java.lang.invoke.LambdaFormEditor::bindArgumentType (101 bytes)
Event: 12.669 Thread 0x000000001f90d800 nmethod 3552 0x000000000b685010 code [0x000000000b6851e0, 0x000000000b685390]
Event: 12.669 Thread 0x000000001f90d800 3553       2       java.lang.invoke.LambdaFormEditor::bindArgumentForm (269 bytes)
Event: 12.671 Thread 0x000000001f90d800 nmethod 3553 0x000000000b685490 code [0x000000000b6857c0, 0x000000000b6865b0]
Event: 12.672 Thread 0x000000001f90d800 3555       2       sun.reflect.annotation.AnnotationParser::contains (36 bytes)
Event: 12.672 Thread 0x000000001f90d800 nmethod 3555 0x000000000b686e10 code [0x000000000b686fc0, 0x000000000b687198]
Event: 12.673 Thread 0x000000001f90d800 3556       1       java.lang.module.ModuleDescriptor::packages (5 bytes)
Event: 12.673 Thread 0x000000001f90d800 nmethod 3556 0x0000000012529010 code [0x00000000125291c0, 0x00000000125292f8]
Event: 12.694 Thread 0x000000001f90d800 3557       1       org.springframework.aop.framework.autoproxy.AbstractAdvisorAutoProxyCreator::isEligibleAdvisorBean (2 bytes)
Event: 12.694 Thread 0x000000001f90d800 nmethod 3557 0x0000000012529390 code [0x0000000012529540, 0x0000000012529678]

GC Heap History (10 events):
Event: 7.603 GC heap before
{Heap before GC invocations=7 (full 0):
 garbage-first heap   total 63488K, used 35216K [0x00000000c2400000, 0x0000000100000000)
  region size 1024K, 28 young (28672K), 3 survivors (3072K)
 Metaspace       used 20552K, capacity 21116K, committed 21296K, reserved 1067008K
  class space    used 2609K, capacity 2847K, committed 2944K, reserved 1048576K
}
Event: 7.621 GC heap after
{Heap after GC invocations=8 (full 0):
 garbage-first heap   total 63488K, used 11525K [0x00000000c2400000, 0x0000000100000000)
  region size 1024K, 3 young (3072K), 3 survivors (3072K)
 Metaspace       used 20552K, capacity 21116K, committed 21296K, reserved 1067008K
  class space    used 2609K, capacity 2847K, committed 2944K, reserved 1048576K
}
Event: 10.127 GC heap before
{Heap before GC invocations=9 (full 0):
 garbage-first heap   total 45056K, used 35077K [0x00000000c2400000, 0x0000000100000000)
  region size 1024K, 26 young (26624K), 3 survivors (3072K)
 Metaspace       used 23824K, capacity 24537K, committed 24880K, reserved 1071104K
  class space    used 3068K, capacity 3339K, committed 3456K, reserved 1048576K
}
Event: 10.157 GC heap after
{Heap after GC invocations=10 (full 0):
 garbage-first heap   total 45056K, used 13011K [0x00000000c2400000, 0x0000000100000000)
  region size 1024K, 4 young (4096K), 4 survivors (4096K)
 Metaspace       used 23824K, capacity 24537K, committed 24880K, reserved 1071104K
  class space    used 3068K, capacity 3339K, committed 3456K, reserved 1048576K
}
Event: 11.978 GC heap before
{Heap before GC invocations=10 (full 0):
 garbage-first heap   total 45056K, used 32467K [0x00000000c2400000, 0x0000000100000000)
  region size 1024K, 23 young (23552K), 4 survivors (4096K)
 Metaspace       used 27580K, capacity 28403K, committed 28720K, reserved 1075200K
  class space    used 3540K, capacity 3878K, committed 3968K, reserved 1048576K
}
Event: 11.999 GC heap after
{Heap after GC invocations=11 (full 0):
 garbage-first heap   total 54272K, used 14453K [0x00000000c2400000, 0x0000000100000000)
  region size 1024K, 3 young (3072K), 3 survivors (3072K)
 Metaspace       used 27580K, capacity 28403K, committed 28720K, reserved 1075200K
  class space    used 3540K, capacity 3878K, committed 3968K, reserved 1048576K
}
Event: 12.099 GC heap before
{Heap before GC invocations=11 (full 0):
 garbage-first heap   total 54272K, used 38005K [0x00000000c2400000, 0x0000000100000000)
  region size 1024K, 27 young (27648K), 3 survivors (3072K)
 Metaspace       used 27849K, capacity 28764K, committed 28976K, reserved 1075200K
  class space    used 3562K, capacity 3913K, committed 3968K, reserved 1048576K
}
Event: 12.112 GC heap after
{Heap after GC invocations=12 (full 0):
 garbage-first heap   total 54272K, used 15175K [0x00000000c2400000, 0x0000000100000000)
  region size 1024K, 3 young (3072K), 3 survivors (3072K)
 Metaspace       used 27849K, capacity 28764K, committed 28976K, reserved 1075200K
  class space    used 3562K, capacity 3913K, committed 3968K, reserved 1048576K
}
Event: 12.454 GC heap before
{Heap before GC invocations=12 (full 0):
 garbage-first heap   total 54272K, used 38727K [0x00000000c2400000, 0x0000000100000000)
  region size 1024K, 27 young (27648K), 3 survivors (3072K)
 Metaspace       used 28735K, capacity 29669K, committed 29872K, reserved 1075200K
  class space    used 3667K, capacity 4022K, committed 4096K, reserved 1048576K
}
Event: 12.466 GC heap after
{Heap after GC invocations=13 (full 0):
 garbage-first heap   total 54272K, used 15484K [0x00000000c2400000, 0x0000000100000000)
  region size 1024K, 1 young (1024K), 1 survivors (1024K)
 Metaspace       used 28735K, capacity 29669K, committed 29872K, reserved 1075200K
  class space    used 3667K, capacity 4022K, committed 4096K, reserved 1048576K
}

Deoptimization events (10 events):
Event: 12.041 Thread 0x00000000003b1800 Uncommon trap: reason=null_check action=make_not_entrant pc=0x00000000124449c8 method=java.net.URL.getURLStreamHandler(Ljava/lang/String;)Ljava/net/URLStreamHandler; @ 7 c2
Event: 12.051 Thread 0x00000000003b1800 Uncommon trap: reason=class_check action=maybe_recompile pc=0x00000000124e7a94 method=java.util.zip.InflaterInputStream.read([BII)I @ 100 c2
Event: 12.053 Thread 0x00000000003b1800 Uncommon trap: reason=class_check action=maybe_recompile pc=0x00000000124e7a94 method=java.util.zip.InflaterInputStream.read([BII)I @ 100 c2
Event: 12.054 Thread 0x00000000003b1800 Uncommon trap: reason=class_check action=maybe_recompile pc=0x00000000124e7a94 method=java.util.zip.InflaterInputStream.read([BII)I @ 100 c2
Event: 12.054 Thread 0x00000000003b1800 Uncommon trap: reason=class_check action=maybe_recompile pc=0x00000000124e7a94 method=java.util.zip.InflaterInputStream.read([BII)I @ 100 c2
Event: 12.135 Thread 0x00000000003b1800 Uncommon trap: reason=unstable_if action=reinterpret pc=0x00000000123d81a0 method=java.util.jar.Manifest$FastInputStream.readLine([BII)I @ 130 c2
Event: 12.317 Thread 0x00000000003b1800 Uncommon trap: reason=unstable_if action=reinterpret pc=0x000000001246ab1c method=java.util.concurrent.ConcurrentHashMap.get(Ljava/lang/Object;)Ljava/lang/Object; @ 152 c2
Event: 12.568 Thread 0x00000000003b1800 Uncommon trap: reason=unstable_if action=reinterpret pc=0x0000000012430504 method=org.springframework.boot.context.properties.source.ConfigurationPropertyName.equals(Ljava/lang/Object;)Z @ 8 c2
Event: 12.568 Thread 0x00000000003b1800 Uncommon trap: reason=unstable_if action=reinterpret pc=0x00000000124322c0 method=java.util.HashMap.getNode(ILjava/lang/Object;)Ljava/util/HashMap$Node; @ 129 c2
Event: 12.643 Thread 0x00000000003b1800 Uncommon trap: reason=null_check action=make_not_entrant pc=0x00000000124ccf18 method=org.springframework.util.ClassUtils.isAssignable(Ljava/lang/Class;Ljava/lang/Class;)Z @ 14 c2

Classes redefined (0 events):
No events

Internal exceptions (10 events):
Event: 12.602 Thread 0x00000000003b1800 Exception <a 'java/lang/NullPointerException'{0x00000000c5618d10}> (0x00000000c5618d10) thrown at [t:/workspace/open/src/hotspot/share/runtime/sharedRuntime.cpp, line 585]
Event: 12.602 Thread 0x00000000003b1800 Implicit null exception at 0x000000000b39a5d5 to 0x000000000b39abbb
Event: 12.602 Thread 0x00000000003b1800 Exception <a 'java/lang/NullPointerException'{0x00000000c5619b98}> (0x00000000c5619b98) thrown at [t:/workspace/open/src/hotspot/share/runtime/sharedRuntime.cpp, line 585]
Event: 12.602 Thread 0x00000000003b1800 Implicit null exception at 0x000000000b39a5d5 to 0x000000000b39abbb
Event: 12.602 Thread 0x00000000003b1800 Exception <a 'java/lang/NullPointerException'{0x00000000c561af68}> (0x00000000c561af68) thrown at [t:/workspace/open/src/hotspot/share/runtime/sharedRuntime.cpp, line 585]
Event: 12.603 Thread 0x00000000003b1800 Implicit null exception at 0x000000000b39a5d5 to 0x000000000b39abbb
Event: 12.603 Thread 0x00000000003b1800 Exception <a 'java/lang/NullPointerException'{0x00000000c561c520}> (0x00000000c561c520) thrown at [t:/workspace/open/src/hotspot/share/runtime/sharedRuntime.cpp, line 585]
Event: 12.603 Thread 0x00000000003b1800 Implicit null exception at 0x000000000b39a5d5 to 0x000000000b39abbb
Event: 12.603 Thread 0x00000000003b1800 Exception <a 'java/lang/NullPointerException'{0x00000000c561d3a8}> (0x00000000c561d3a8) thrown at [t:/workspace/open/src/hotspot/share/runtime/sharedRuntime.cpp, line 585]
Event: 12.643 Thread 0x00000000003b1800 Implicit null exception at 0x00000000124cccfa to 0x00000000124ccf02

Events (10 events):
Event: 12.770 loading class org/hibernate/IdentifierLoadAccess
Event: 12.770 loading class org/hibernate/IdentifierLoadAccess done
Event: 12.776 loading class org/hibernate/MultiIdentifierLoadAccess
Event: 12.776 loading class org/hibernate/MultiIdentifierLoadAccess done
Event: 12.782 loading class org/hibernate/NaturalIdLoadAccess
Event: 12.782 loading class org/hibernate/NaturalIdLoadAccess done
Event: 12.783 loading class org/hibernate/SimpleNaturalIdLoadAccess
Event: 12.783 loading class org/hibernate/SimpleNaturalIdLoadAccess done
Event: 12.784 loading class org/hibernate/Filter
Event: 12.784 loading class org/hibernate/Filter done


Dynamic libraries:
0x000000013f470000 - 0x000000013f47f000 	C:\Program Files\Java\jdk-12.0.2\bin\javaw.exe
0x0000000076ee0000 - 0x000000007707f000 	C:\Windows\SYSTEM32\ntdll.dll
0x0000000076cc0000 - 0x0000000076ddf000 	C:\Windows\system32\kernel32.dll
0x000007fefcd30000 - 0x000007fefcd97000 	C:\Windows\system32\KERNELBASE.dll
0x000007fee7a30000 - 0x000007fee7a48000 	C:\Program Files\Java\jdk-12.0.2\bin\jli.dll
0x000007fefec40000 - 0x000007fefed1b000 	C:\Windows\system32\ADVAPI32.dll
0x000007fefe750000 - 0x000007fefe7ef000 	C:\Windows\system32\msvcrt.dll
0x000007fefeb60000 - 0x000007fefeb7f000 	C:\Windows\SYSTEM32\sechost.dll
0x000007fefe620000 - 0x000007fefe74c000 	C:\Windows\system32\RPCRT4.dll
0x000007fefb410000 - 0x000007fefb605000 	C:\Windows\WinSxS\amd64_microsoft.windows.common-controls_6595b64144ccf1df_6.0.7601.24483_none_e372d88f30fbb845\COMCTL32.dll
0x000007fefde80000 - 0x000007fefdee7000 	C:\Windows\system32\GDI32.dll
0x0000000076de0000 - 0x0000000076edb000 	C:\Windows\system32\USER32.dll
0x000007fefe150000 - 0x000007fefe15e000 	C:\Windows\system32\LPK.dll
0x000007fefe080000 - 0x000007fefe14b000 	C:\Windows\system32\USP10.dll
0x000007fefe8e0000 - 0x000007fefe951000 	C:\Windows\system32\SHLWAPI.dll
0x000007fefbaa0000 - 0x000007fefbaac000 	C:\Windows\system32\VERSION.dll
0x000007fee7a10000 - 0x000007fee7a26000 	C:\Program Files\Java\jdk-12.0.2\bin\VCRUNTIME140.dll
0x000007fee7a00000 - 0x000007fee7a04000 	C:\Program Files\Java\jdk-12.0.2\bin\api-ms-win-crt-runtime-l1-1-0.dll
0x000007feddac0000 - 0x000007feddbb6000 	C:\Program Files\Java\jdk-12.0.2\bin\ucrtbase.DLL
0x000007fee79f0000 - 0x000007fee79f3000 	C:\Program Files\Java\jdk-12.0.2\bin\api-ms-win-core-localization-l1-2-0.dll
0x000007fee79e0000 - 0x000007fee79e3000 	C:\Program Files\Java\jdk-12.0.2\bin\api-ms-win-core-processthreads-l1-1-1.dll
0x000007fee79d0000 - 0x000007fee79d3000 	C:\Program Files\Java\jdk-12.0.2\bin\api-ms-win-core-file-l1-2-0.dll
0x000007fee79c0000 - 0x000007fee79c3000 	C:\Program Files\Java\jdk-12.0.2\bin\api-ms-win-core-timezone-l1-1-0.dll
0x000007fee79b0000 - 0x000007fee79b3000 	C:\Program Files\Java\jdk-12.0.2\bin\api-ms-win-core-file-l2-1-0.dll
0x000007fee79a0000 - 0x000007fee79a3000 	C:\Program Files\Java\jdk-12.0.2\bin\api-ms-win-core-synch-l1-2-0.dll
0x000007fee7990000 - 0x000007fee7994000 	C:\Program Files\Java\jdk-12.0.2\bin\api-ms-win-crt-string-l1-1-0.dll
0x000007fee7980000 - 0x000007fee7983000 	C:\Program Files\Java\jdk-12.0.2\bin\api-ms-win-crt-heap-l1-1-0.dll
0x000007fee7970000 - 0x000007fee7974000 	C:\Program Files\Java\jdk-12.0.2\bin\api-ms-win-crt-stdio-l1-1-0.dll
0x000007fedea00000 - 0x000007fedea04000 	C:\Program Files\Java\jdk-12.0.2\bin\api-ms-win-crt-convert-l1-1-0.dll
0x000007fede9f0000 - 0x000007fede9f3000 	C:\Program Files\Java\jdk-12.0.2\bin\api-ms-win-crt-environment-l1-1-0.dll
0x000007fede9e0000 - 0x000007fede9e3000 	C:\Program Files\Java\jdk-12.0.2\bin\api-ms-win-crt-filesystem-l1-1-0.dll
0x000007fede9d0000 - 0x000007fede9d5000 	C:\Program Files\Java\jdk-12.0.2\bin\api-ms-win-crt-math-l1-1-0.dll
0x000007fede9c0000 - 0x000007fede9c3000 	C:\Program Files\Java\jdk-12.0.2\bin\api-ms-win-crt-locale-l1-1-0.dll
0x000007fefddf0000 - 0x000007fefde1e000 	C:\Windows\system32\IMM32.DLL
0x000007fefdb80000 - 0x000007fefdc8b000 	C:\Windows\system32\MSCTF.dll
0x000007fedda10000 - 0x000007feddaba000 	C:\Program Files\Java\jdk-12.0.2\bin\msvcp140.dll
0x000007fede9b0000 - 0x000007fede9b5000 	C:\Program Files\Java\jdk-12.0.2\bin\api-ms-win-crt-multibyte-l1-1-0.dll
0x000007fede9a0000 - 0x000007fede9a3000 	C:\Program Files\Java\jdk-12.0.2\bin\api-ms-win-crt-time-l1-1-0.dll
0x000007fede990000 - 0x000007fede993000 	C:\Program Files\Java\jdk-12.0.2\bin\api-ms-win-crt-utility-l1-1-0.dll
0x000007feddcc0000 - 0x000007fede837000 	C:\Program Files\Java\jdk-12.0.2\bin\server\jvm.dll
0x000007fef6cf0000 - 0x000007fef6cf9000 	C:\Windows\system32\WSOCK32.dll
0x000007fefe890000 - 0x000007fefe8dd000 	C:\Windows\system32\WS2_32.dll
0x000007fefe160000 - 0x000007fefe168000 	C:\Windows\system32\NSI.dll
0x000007fef9b40000 - 0x000007fef9b7b000 	C:\Windows\system32\WINMM.dll
0x0000000077080000 - 0x0000000077087000 	C:\Windows\system32\PSAPI.DLL
0x000007fef8810000 - 0x000007fef8821000 	C:\Program Files\Java\jdk-12.0.2\bin\verify.dll
0x000007feeff80000 - 0x000007fef00a5000 	C:\Windows\system32\DBGHELP.DLL
0x000007fef5dc0000 - 0x000007fef5de6000 	C:\Program Files\Java\jdk-12.0.2\bin\java.dll
0x000007fef7e70000 - 0x000007fef7e87000 	C:\Program Files\Java\jdk-12.0.2\bin\zip.dll
0x000007fef8800000 - 0x000007fef880a000 	C:\Program Files\Java\jdk-12.0.2\bin\jimage.dll
0x000007fefcdf0000 - 0x000007fefdb7b000 	C:\Windows\system32\SHELL32.dll
0x000007fefe960000 - 0x000007fefeb5f000 	C:\Windows\system32\ole32.dll
0x000007fefca40000 - 0x000007fefca4f000 	C:\Windows\system32\profapi.dll
0x000007fef5e90000 - 0x000007fef5ea9000 	C:\Program Files\Java\jdk-12.0.2\bin\net.dll
0x000007fef8760000 - 0x000007fef87d1000 	C:\Windows\system32\WINHTTP.dll
0x000007fef86f0000 - 0x000007fef8755000 	C:\Windows\system32\webio.dll
0x000007fefdef0000 - 0x000007fefe07a000 	C:\Windows\system32\urlmon.dll
0x000007fefcd00000 - 0x000007fefcd04000 	C:\Windows\system32\api-ms-win-downlevel-ole32-l1-1-0.dll
0x000007fefcd20000 - 0x000007fefcd24000 	C:\Windows\system32\api-ms-win-downlevel-shlwapi-l1-1-0.dll
0x000007fefca50000 - 0x000007fefca55000 	C:\Windows\system32\api-ms-win-downlevel-advapi32-l1-1-0.dll
0x000007fefccf0000 - 0x000007fefccf4000 	C:\Windows\system32\api-ms-win-downlevel-user32-l1-1-0.dll
0x000007fefcd10000 - 0x000007fefcd14000 	C:\Windows\system32\api-ms-win-downlevel-version-l1-1-0.dll
0x000007fefcda0000 - 0x000007fefcda3000 	C:\Windows\system32\api-ms-win-downlevel-normaliz-l1-1-0.dll
0x0000000077090000 - 0x0000000077093000 	C:\Windows\system32\normaliz.DLL
0x000007fefef00000 - 0x000007feff1cc000 	C:\Windows\system32\iertutil.dll
0x000007fefe170000 - 0x000007fefe61c000 	C:\Windows\system32\WININET.dll
0x000007fefccd0000 - 0x000007fefccef000 	C:\Windows\system32\USERENV.dll
0x000007fefc190000 - 0x000007fefc1e5000 	C:\Windows\system32\mswsock.dll
0x000007fefc460000 - 0x000007fefc467000 	C:\Windows\System32\wship6.dll
0x000007fef1f50000 - 0x000007fef1f63000 	C:\Program Files\Java\jdk-12.0.2\bin\nio.dll
0x000007fede980000 - 0x000007fede989000 	C:\Program Files\Java\jdk-12.0.2\bin\management.dll
0x000007fede970000 - 0x000007fede97c000 	C:\Program Files\Java\jdk-12.0.2\bin\management_ext.dll
0x000007fefa800000 - 0x000007fefa815000 	C:\Windows\system32\NLAapi.dll
0x000007fefb990000 - 0x000007fefb9a5000 	C:\Windows\system32\napinsp.dll
0x000007fefb970000 - 0x000007fefb989000 	C:\Windows\system32\pnrpnsp.dll
0x000007fefb960000 - 0x000007fefb970000 	C:\Windows\system32\wshbth.dll
0x000007fefbfd0000 - 0x000007fefc02b000 	C:\Windows\system32\DNSAPI.dll
0x000007fefb950000 - 0x000007fefb95b000 	C:\Windows\System32\winrnr.dll
0x000007fefbb70000 - 0x000007fefbb77000 	C:\Windows\System32\wshtcpip.dll
0x000007fef9400000 - 0x000007fef9427000 	C:\Windows\system32\IPHLPAPI.DLL
0x000007fef93f0000 - 0x000007fef93fb000 	C:\Windows\system32\WINNSI.DLL
0x000007fef64e0000 - 0x000007fef64e8000 	C:\Windows\system32\rasadhlp.dll
0x000007fef9230000 - 0x000007fef9283000 	C:\Windows\System32\fwpuclnt.dll
0x000007fefc1f0000 - 0x000007fefc208000 	C:\Windows\system32\CRYPTSP.dll
0x000007fefbee0000 - 0x000007fefbf27000 	C:\Windows\system32\rsaenh.dll
0x000007fefc8d0000 - 0x000007fefc8df000 	C:\Windows\system32\CRYPTBASE.dll
0x000007fef91a0000 - 0x000007fef91b8000 	C:\Windows\system32\dhcpcsvc.DLL
0x000007fef9200000 - 0x000007fef9211000 	C:\Windows\system32\dhcpcsvc6.DLL

dbghelp: loaded successfully - version: 4.0.5 - missing functions: none
symbol engine: initialized successfully - sym options: 0x614 - pdb path: .;C:\Program Files\Java\jdk-12.0.2\bin;C:\Windows\SYSTEM32;C:\Windows\WinSxS\amd64_microsoft.windows.common-controls_6595b64144ccf1df_6.0.7601.24483_none_e372d88f30fbb845;C:\Program Files\Java\jdk-12.0.2\bin\server

VM Arguments:
jvm_args: -Dfile.encoding=UTF-8 
java_command: com.app.eBooker.EBookerApplication
java_class_path (initial): D:\development\workspace\EBooker\EBookerServices\target\classes;D:\development\maven\apache-maven-3.6.1\repository\org\springframework\boot\spring-boot-starter-web\2.2.2.RELEASE\spring-boot-starter-web-2.2.2.RELEASE.jar;D:\development\maven\apache-maven-3.6.1\repository\org\springframework\boot\spring-boot-starter\2.2.2.RELEASE\spring-boot-starter-2.2.2.RELEASE.jar;D:\development\maven\apache-maven-3.6.1\repository\org\springframework\boot\spring-boot\2.2.2.RELEASE\spring-boot-2.2.2.RELEASE.jar;D:\development\maven\apache-maven-3.6.1\repository\org\springframework\boot\spring-boot-autoconfigure\2.2.2.RELEASE\spring-boot-autoconfigure-2.2.2.RELEASE.jar;D:\development\maven\apache-maven-3.6.1\repository\org\springframework\boot\spring-boot-starter-logging\2.2.2.RELEASE\spring-boot-starter-logging-2.2.2.RELEASE.jar;D:\development\maven\apache-maven-3.6.1\repository\ch\qos\logback\logback-classic\1.2.3\logback-classic-1.2.3.jar;D:\development\maven\apache-maven-3.6.1\repository\ch\qos\logback\logback-core\1.2.3\logback-core-1.2.3.jar;D:\development\maven\apache-maven-3.6.1\repository\org\apache\logging\log4j\log4j-to-slf4j\2.12.1\log4j-to-slf4j-2.12.1.jar;D:\development\maven\apache-maven-3.6.1\repository\org\apache\logging\log4j\log4j-api\2.12.1\log4j-api-2.12.1.jar;D:\development\maven\apache-maven-3.6.1\repository\org\slf4j\jul-to-slf4j\1.7.29\jul-to-slf4j-1.7.29.jar;D:\development\maven\apache-maven-3.6.1\repository\jakarta\annotation\jakarta.annotation-api\1.3.5\jakarta.annotation-api-1.3.5.jar;D:\development\maven\apache-maven-3.6.1\repository\org\yaml\snakeyaml\1.25\snakeyaml-1.25.jar;D:\development\maven\apache-maven-3.6.1\repository\org\springframework\boot\spring-boot-starter-json\2.2.2.RELEASE\spring-boot-starter-json-2.2.2.RELEASE.jar;D:\development\maven\apache-maven-3.6.1\repository\com\fasterxml\jackson\datatype\jackson-datatype-jdk8\2.10.1\jackson-datatype-jdk8-2.10.1.jar;D:\development\maven\apache-maven-3.6.1\repository\com
Launcher Type: SUN_STANDARD

[Global flags]
     intx CICompilerCount                          = 3                                         {product} {ergonomic}
     uint ConcGCThreads                            = 1                                         {product} {ergonomic}
     uint G1ConcRefinementThreads                  = 4                                         {product} {ergonomic}
   size_t G1HeapRegionSize                         = 1048576                                   {product} {ergonomic}
    uintx GCDrainStackTargetSize                   = 64                                        {product} {ergonomic}
   size_t InitialHeapSize                          = 65011712                                  {product} {ergonomic}
   size_t MarkStackSize                            = 4194304                                   {product} {ergonomic}
   size_t MaxHeapSize                              = 1035993088                                {product} {ergonomic}
   size_t MaxNewSize                               = 620756992                                 {product} {ergonomic}
   size_t MinHeapDeltaBytes                        = 1048576                                   {product} {ergonomic}
    uintx NonNMethodCodeHeapSize                   = 5830732                                {pd product} {ergonomic}
    uintx NonProfiledCodeHeapSize                  = 122913754                              {pd product} {ergonomic}
    uintx ProfiledCodeHeapSize                     = 122913754                              {pd product} {ergonomic}
    uintx ReservedCodeCacheSize                    = 251658240                              {pd product} {ergonomic}
     bool SegmentedCodeCache                       = true                                      {product} {ergonomic}
     bool UseCompressedClassPointers               = true                                 {lp64_product} {ergonomic}
     bool UseCompressedOops                        = true                                 {lp64_product} {ergonomic}
     bool UseG1GC                                  = true                                      {product} {ergonomic}
     bool UseLargePagesIndividualAllocation        = false                                  {pd product} {ergonomic}

Logging:
Log output configuration:
 #0: stdout all=warning uptime,level,tags
 #1: stderr all=off uptime,level,tags

Environment Variables:
PATH=C:/Program Files/Java/jdk-12.0.2/bin/server;C:/Program Files/Java/jdk-12.0.2/bin;C:\Windows\system32;C:\Windows;C:\Windows\System32\Wbem;C:\Windows\System32\WindowsPowerShell\v1.0\;C:\Program Files (x86)\Skype\Phone\;C:\Program Files (x86)\Windows Live\Shared;C:\Program Files\nodejs\;C:\Users\Home\AppData\Local\Programs\Microsoft VS Code\bin;C:\Users\Home\AppData\Roaming\npm;C:\Users\Home\AppData\Roaming\Microsoft\Windows\Start Menu\Programs\Eclipse;
USERNAME=Home
OS=Windows_NT
PROCESSOR_IDENTIFIER=Intel64 Family 6 Model 37 Stepping 2, GenuineIntel



---------------  S Y S T E M  ---------------

OS: Windows 7 , 64 bit Build 7601 (6.1.7601.24545)

CPU:total 4 (initial active 4) (2 cores per cpu, 2 threads per core) family 6 model 37 stepping 2, cmov, cx8, fxsr, mmx, sse, sse2, sse3, ssse3, sse4.1, sse4.2, popcnt, aes, clmul, ht, tsc, tscinvbit

Memory: 4k page, system-wide physical 3951M (26M free)
TotalPageFile size 7178M (AvailPageFile size 4M)
current process WorkingSet (physical memory assigned to process): 155M, peak: 155M
current process commit charge ("private bytes"): 198M, peak: 200M

vm_info: Java HotSpot(TM) 64-Bit Server VM (12.0.2+10) for windows-amd64 JRE (12.0.2+10), built on Jul 16 2019 01:56:17 by "mach5one" with MS VC++ 15.5 (VS2017)

END.
